[ERROR] Failed to parse event LREC final submission on 2010-03-18 07:00:00-04:00.
[ERROR] Failed to parse event Mely & Gaby on 2010-07-08 16:40:00-04:00.
[ERROR] Failed to parse event Meet at Irma's house on 2011-01-16 12:30:00-04:00.
[ERROR] Failed to parse event Flight to Winston Salem on 2009-07-28 15:50:00-04:00.
[ERROR] Failed to parse event Home on 2009-03-24 16:00:00-04:00.
[ERROR] Failed to parse event Arrive PHX to SEA on 2008-05-02 13:15:00-04:00.
[ERROR] Failed to parse event Depart PHX to SEA: 79 on 2008-05-02 10:10:00-04:00.
[ERROR] Failed to parse event Meet Simin on 2009-04-03 15:00:00-04:00.
[ERROR] Failed to parse event Arrive SEA to PHX on 2008-05-04 23:42:00-04:00.
[ERROR] Failed to parse event Arrive PHX to TUS on 2008-05-05 01:15:00-04:00.
[ERROR] Failed to parse event iPod shuffle on 2008-01-15 20:30:00-04:00.
[ERROR] Failed to parse event Gaby leaves on 2010-07-14 17:00:00-04:00.
[ERROR] Failed to parse event Arrive from Spain on 2009-09-09 23:35:00-04:00.
[ERROR] Failed to parse event Claudia gall bladder on 2010-08-06 06:30:00-04:00.
[ERROR] Failed to parse event Depart SEA to PHX:  on 2008-05-04 20:55:00-04:00.
[ERROR] Failed to parse event Call mike on 2010-09-25 13:00:00-04:00.
[ERROR] Failed to parse event Leave for N Carolina on 2009-05-20 15:25:00-04:00.
[ERROR] Failed to parse event NWLC paper due on 2008-07-01 20:00:00-04:00.
[ERROR] Failed to parse event Depart TUS to PHX: 2764 on 2008-05-02 08:20:00-04:00.
[ERROR] Failed to parse event Penn Conference Notification on 2008-01-14 15:00:00-04:00.
[ERROR] Failed to parse event Arrive PHX on 2008-05-02 09:02:00-04:00.
[ERROR] Failed to parse event Bring dance stuff on 2010-01-12 13:30:00-04:00.
[ERROR] Failed to parse event Depart PHX to TUS: 2836 on 2008-05-05 00:30:00-04:00.
[ERROR] Failed to parse event Return to Tucson on 2009-05-23 14:55:00-04:00.
[ERROR] Failed to parse event Leave TUS on 2009-09-28 15:30:00-04:00.
[ERROR] Failed to parse event Leave for Canada - GSO on 2009-10-07 17:00:00-04:00.
[ERROR] Failed to parse event Call the termite people on 2007-12-26 13:00:00-04:00.
[ERROR] Failed to parse event AZ Democratic primary on 2008-02-05 12:00:00-04:00.
[ERROR] Failed to parse event Span 103 ML 405 on 2009-02-19 12:00:00-04:00.
[ERROR] Failed to parse event Arrive in TUS on 2009-09-24 22:40:00-04:00.
[ERROR] Failed to parse event LSA Abstract Due on 2010-07-31 23:30:00-04:00.
[ERROR] Failed to parse event Span 203 Chavez 302 on 2009-02-19 14:00:00-04:00.
[ERROR] Failed to parse event La Petite Early Closing on 2009-08-24 14:00:00-04:00.
[ERROR] Failed to parse event Meet Molly H. on 2010-11-09 12:00:00-04:00.
[ERROR] Failed to parse event Roman's Birthday on 2010-10-30 14:30:00-04:00.
[ERROR] Failed to parse event CLT to ATL on 2009-09-24 15:07:00-04:00.
[ERROR] Failed to parse event Pick up suit coats on 2008-12-20 17:00:00-04:00.
[ERROR] Failed to parse event Can Crowdsourcing be used for Effective Annotation of Arabic? on 2014-05-28 07:35:00-04:00.
[ERROR] Failed to parse event Pick up kids on 2015-03-20 21:00:00-04:00.
[ERROR] Failed to parse event Finish my taxes with TurboTax on 2014-02-09 13:00:00-04:00.
[ERROR] Failed to parse event Pick up kids on 2015-03-20 21:00:00-04:00.
[ERROR] Failed to parse event The beer growler event on 2015-11-07 18:00:00-04:00.
[ERROR] Failed to parse event Greene Hall Fire drill on 2019-09-06 14:00:00-04:00.
[ERROR] Failed to parse event Drop Pulgas off on 2012-11-13 20:30:00-04:00.
[ERROR] Failed to parse event AZ Democratic primary on 2008-02-05 12:00:00-04:00.
[ERROR] Failed to parse event Span 103 ML 405 on 2009-02-19 12:00:00-04:00.
[ERROR] Failed to parse event Call Greg at GM Enterprises on 2013-09-05 08:00:00-04:00.
[ERROR] Failed to parse event Arrive in TUS on 2009-09-24 22:40:00-04:00.
[ERROR] Failed to parse event Recital Vamos las Bandas on 2012-11-04 19:00:00-04:00.
[ERROR] Failed to parse event LSA Abstract Due on 2010-07-31 23:30:00-04:00.
[ERROR] Failed to parse event Span 203 Chavez 302 on 2009-02-19 14:00:00-04:00.
[ERROR] Failed to parse event La Petite Early Closing on 2009-08-24 14:00:00-04:00.
[ERROR] Failed to parse event Meet Molly H. on 2010-11-09 12:00:00-04:00.
[ERROR] Failed to parse event Roman's Birthday on 2010-10-30 14:30:00-04:00.
[ERROR] Failed to parse event CLT to ATL on 2009-09-24 15:07:00-04:00.
[ERROR] Failed to parse event Pick up suit coats on 2008-12-20 17:00:00-04:00.
[ERROR] Failed to parse event LREC final submission on 2010-03-18 07:00:00-04:00.
[ERROR] Failed to parse event Mely & Gaby on 2010-07-08 16:40:00-04:00.
[ERROR] Failed to parse event Meet at Irma's house on 2011-01-16 12:30:00-04:00.
[ERROR] Failed to parse event Flight to Winston Salem on 2009-07-28 15:50:00-04:00.
[ERROR] Failed to parse event Home on 2009-03-24 16:00:00-04:00.
[ERROR] Failed to parse event Arrive PHX to SEA on 2008-05-02 13:15:00-04:00.
[ERROR] Failed to parse event Depart PHX to SEA: 79 on 2008-05-02 10:10:00-04:00.
[ERROR] Failed to parse event Harlem Globetrotters at the LJVM Coliseum on 2013-03-24 14:00:00-04:00.
[ERROR] Failed to parse event Meet Simin on 2009-04-03 15:00:00-04:00.
[ERROR] Failed to parse event Arrive SEA to PHX on 2008-05-04 23:42:00-04:00.
[ERROR] Failed to parse event Arrive PHX to TUS on 2008-05-05 01:15:00-04:00.
[ERROR] Failed to parse event iPod shuffle on 2008-01-15 20:30:00-04:00.
[ERROR] Failed to parse event Gaby leaves on 2010-07-14 17:00:00-04:00.
[ERROR] Failed to parse event Arrive from Spain on 2009-09-09 23:35:00-04:00.
[ERROR] Failed to parse event Claudia gall bladder on 2010-08-06 06:30:00-04:00.
[ERROR] Failed to parse event Depart SEA to PHX:  on 2008-05-04 20:55:00-04:00.
[ERROR] Failed to parse event Call mike on 2010-09-25 13:00:00-04:00.
[ERROR] Failed to parse event Leave for N Carolina on 2009-05-20 15:25:00-04:00.
[ERROR] Failed to parse event NWLC paper due on 2008-07-01 20:00:00-04:00.
[ERROR] Failed to parse event Depart TUS to PHX: 2764 on 2008-05-02 08:20:00-04:00.
[ERROR] Failed to parse event Penn Conference Notification on 2008-01-14 15:00:00-04:00.
[ERROR] Failed to parse event Arrive PHX on 2008-05-02 09:02:00-04:00.
[ERROR] Failed to parse event Bring dance stuff on 2010-01-12 13:30:00-04:00.
[ERROR] Failed to parse event Depart PHX to TUS: 2836 on 2008-05-05 00:30:00-04:00.
[ERROR] Failed to parse event Return to Tucson on 2009-05-23 14:55:00-04:00.
[ERROR] Failed to parse event Leave TUS on 2009-09-28 15:30:00-04:00.
[ERROR] Failed to parse event Leave for Canada - GSO on 2009-10-07 17:00:00-04:00.
[ERROR] Failed to parse event Call the termite people on 2007-12-26 13:00:00-04:00.
[ERROR] Failed to parse event LREC final submission on 2010-03-18 07:00:00-04:00.
[ERROR] Failed to parse event Mely & Gaby on 2010-07-08 16:40:00-04:00.
[ERROR] Failed to parse event Meet at Irma's house on 2011-01-16 12:30:00-04:00.
[ERROR] Failed to parse event Flight to Winston Salem on 2009-07-28 15:50:00-04:00.
[ERROR] Failed to parse event Home on 2009-03-24 16:00:00-04:00.
[ERROR] Failed to parse event Arrive PHX to SEA on 2008-05-02 13:15:00-04:00.
[ERROR] Failed to parse event Depart PHX to SEA: 79 on 2008-05-02 10:10:00-04:00.
[ERROR] Failed to parse event Meet Simin on 2009-04-03 15:00:00-04:00.
[ERROR] Failed to parse event Arrive SEA to PHX on 2008-05-04 23:42:00-04:00.
[ERROR] Failed to parse event Arrive PHX to TUS on 2008-05-05 01:15:00-04:00.
[ERROR] Failed to parse event iPod shuffle on 2008-01-15 20:30:00-04:00.
[ERROR] Failed to parse event Gaby leaves on 2010-07-14 17:00:00-04:00.
[ERROR] Failed to parse event Arrive from Spain on 2009-09-09 23:35:00-04:00.
[ERROR] Failed to parse event Claudia gall bladder on 2010-08-06 06:30:00-04:00.
[ERROR] Failed to parse event Depart SEA to PHX:  on 2008-05-04 20:55:00-04:00.
[ERROR] Failed to parse event Call mike on 2010-09-25 13:00:00-04:00.
[ERROR] Failed to parse event Leave for N Carolina on 2009-05-20 15:25:00-04:00.
[ERROR] Failed to parse event NWLC paper due on 2008-07-01 20:00:00-04:00.
[ERROR] Failed to parse event Depart TUS to PHX: 2764 on 2008-05-02 08:20:00-04:00.
[ERROR] Failed to parse event Penn Conference Notification on 2008-01-14 15:00:00-04:00.
[ERROR] Failed to parse event Arrive PHX on 2008-05-02 09:02:00-04:00.
[ERROR] Failed to parse event Bring dance stuff on 2010-01-12 13:30:00-04:00.
[ERROR] Failed to parse event Depart PHX to TUS: 2836 on 2008-05-05 00:30:00-04:00.
[ERROR] Failed to parse event Return to Tucson on 2009-05-23 14:55:00-04:00.
[ERROR] Failed to parse event Leave TUS on 2009-09-28 15:30:00-04:00.
[ERROR] Failed to parse event Leave for Canada - GSO on 2009-10-07 17:00:00-04:00.
[ERROR] Failed to parse event Call the termite people on 2007-12-26 13:00:00-04:00.
[ERROR] Failed to parse event AZ Democratic primary on 2008-02-05 12:00:00-04:00.
[ERROR] Failed to parse event Span 103 ML 405 on 2009-02-19 12:00:00-04:00.
[ERROR] Failed to parse event Arrive in TUS on 2009-09-24 22:40:00-04:00.
[ERROR] Failed to parse event LSA Abstract Due on 2010-07-31 23:30:00-04:00.
[ERROR] Failed to parse event Span 203 Chavez 302 on 2009-02-19 14:00:00-04:00.
[ERROR] Failed to parse event La Petite Early Closing on 2009-08-24 14:00:00-04:00.
[ERROR] Failed to parse event Meet Molly H. on 2010-11-09 12:00:00-04:00.
[ERROR] Failed to parse event Roman's Birthday on 2010-10-30 14:30:00-04:00.
[ERROR] Failed to parse event CLT to ATL on 2009-09-24 15:07:00-04:00.
[ERROR] Failed to parse event Pick up suit coats on 2008-12-20 17:00:00-04:00.
[ERROR] Failed to parse event Can Crowdsourcing be used for Effective Annotation of Arabic? on 2014-05-28 07:35:00-04:00.
[ERROR] Failed to parse event Pick up kids on 2015-03-20 21:00:00-04:00.
[ERROR] Failed to parse event Finish my taxes with TurboTax on 2014-02-09 13:00:00-04:00.
[ERROR] Failed to parse event Pick up kids on 2015-03-20 21:00:00-04:00.
[ERROR] Failed to parse event The beer growler event on 2015-11-07 18:00:00-04:00.
[ERROR] Failed to parse event Greene Hall Fire drill on 2019-09-06 14:00:00-04:00.
[ERROR] Failed to parse event Drop Pulgas off on 2012-11-13 20:30:00-04:00.
[ERROR] Failed to parse event AZ Democratic primary on 2008-02-05 12:00:00-04:00.
[ERROR] Failed to parse event Span 103 ML 405 on 2009-02-19 12:00:00-04:00.
[ERROR] Failed to parse event Call Greg at GM Enterprises on 2013-09-05 08:00:00-04:00.
[ERROR] Failed to parse event Arrive in TUS on 2009-09-24 22:40:00-04:00.
[ERROR] Failed to parse event Recital Vamos las Bandas on 2012-11-04 19:00:00-04:00.
[ERROR] Failed to parse event LSA Abstract Due on 2010-07-31 23:30:00-04:00.
[ERROR] Failed to parse event Span 203 Chavez 302 on 2009-02-19 14:00:00-04:00.
[ERROR] Failed to parse event La Petite Early Closing on 2009-08-24 14:00:00-04:00.
[ERROR] Failed to parse event Meet Molly H. on 2010-11-09 12:00:00-04:00.
[ERROR] Failed to parse event Roman's Birthday on 2010-10-30 14:30:00-04:00.
[ERROR] Failed to parse event CLT to ATL on 2009-09-24 15:07:00-04:00.
[ERROR] Failed to parse event Pick up suit coats on 2008-12-20 17:00:00-04:00.
[ERROR] Failed to parse event LREC final submission on 2010-03-18 07:00:00-04:00.
[ERROR] Failed to parse event Mely & Gaby on 2010-07-08 16:40:00-04:00.
[ERROR] Failed to parse event Meet at Irma's house on 2011-01-16 12:30:00-04:00.
[ERROR] Failed to parse event Flight to Winston Salem on 2009-07-28 15:50:00-04:00.
[ERROR] Failed to parse event Home on 2009-03-24 16:00:00-04:00.
[ERROR] Failed to parse event Arrive PHX to SEA on 2008-05-02 13:15:00-04:00.
[ERROR] Failed to parse event Depart PHX to SEA: 79 on 2008-05-02 10:10:00-04:00.
[ERROR] Failed to parse event Harlem Globetrotters at the LJVM Coliseum on 2013-03-24 14:00:00-04:00.
[ERROR] Failed to parse event Meet Simin on 2009-04-03 15:00:00-04:00.
[ERROR] Failed to parse event Arrive SEA to PHX on 2008-05-04 23:42:00-04:00.
[ERROR] Failed to parse event Arrive PHX to TUS on 2008-05-05 01:15:00-04:00.
[ERROR] Failed to parse event iPod shuffle on 2008-01-15 20:30:00-04:00.
[ERROR] Failed to parse event Gaby leaves on 2010-07-14 17:00:00-04:00.
[ERROR] Failed to parse event Arrive from Spain on 2009-09-09 23:35:00-04:00.
[ERROR] Failed to parse event Claudia gall bladder on 2010-08-06 06:30:00-04:00.
[ERROR] Failed to parse event Depart SEA to PHX:  on 2008-05-04 20:55:00-04:00.
[ERROR] Failed to parse event Call mike on 2010-09-25 13:00:00-04:00.
[ERROR] Failed to parse event Leave for N Carolina on 2009-05-20 15:25:00-04:00.
[ERROR] Failed to parse event NWLC paper due on 2008-07-01 20:00:00-04:00.
[ERROR] Failed to parse event Depart TUS to PHX: 2764 on 2008-05-02 08:20:00-04:00.
[ERROR] Failed to parse event Penn Conference Notification on 2008-01-14 15:00:00-04:00.
[ERROR] Failed to parse event Arrive PHX on 2008-05-02 09:02:00-04:00.
[ERROR] Failed to parse event Bring dance stuff on 2010-01-12 13:30:00-04:00.
[ERROR] Failed to parse event Depart PHX to TUS: 2836 on 2008-05-05 00:30:00-04:00.
[ERROR] Failed to parse event Return to Tucson on 2009-05-23 14:55:00-04:00.
[ERROR] Failed to parse event Leave TUS on 2009-09-28 15:30:00-04:00.
[ERROR] Failed to parse event Leave for Canada - GSO on 2009-10-07 17:00:00-04:00.
[ERROR] Failed to parse event Call the termite people on 2007-12-26 13:00:00-04:00.
